{"/home/pel-26/dev/software-edv/design-system/design-system/src/helpers/currency.ts": {"path":"/home/pel-26/dev/software-edv/design-system/design-system/src/helpers/currency.ts","statementMap":{"0":{"start":{"line":9,"column":29},"end":{"line":20,"column":1}},"1":{"start":{"line":10,"column":57},"end":{"line":10,"column":62}},"2":{"start":{"line":12,"column":25},"end":{"line":17,"column":18}},"3":{"start":{"line":19,"column":2},"end":{"line":19,"column":45}},"4":{"start":{"line":22,"column":30},"end":{"line":31,"column":1}},"5":{"start":{"line":23,"column":2},"end":{"line":30,"column":8}},"6":{"start":{"line":24,"column":19},"end":{"line":24,"column":39}},"7":{"start":{"line":25,"column":21},"end":{"line":25,"column":52}},"8":{"start":{"line":27,"column":4},"end":{"line":27,"column":36}},"9":{"start":{"line":29,"column":4},"end":{"line":29,"column":40}},"10":{"start":{"line":33,"column":37},"end":{"line":49,"column":1}},"11":{"start":{"line":34,"column":2},"end":{"line":36,"column":3}},"12":{"start":{"line":35,"column":4},"end":{"line":35,"column":56}},"13":{"start":{"line":38,"column":2},"end":{"line":40,"column":3}},"14":{"start":{"line":39,"column":4},"end":{"line":39,"column":46}},"15":{"start":{"line":42,"column":2},"end":{"line":44,"column":3}},"16":{"start":{"line":43,"column":4},"end":{"line":43,"column":62}},"17":{"start":{"line":46,"column":2},"end":{"line":48,"column":3}},"18":{"start":{"line":47,"column":4},"end":{"line":47,"column":61}}},"fnMap":{"0":{"name":"(anonymous_0)","decl":{"start":{"line":9,"column":29},"end":{"line":9,"column":30}},"loc":{"start":{"line":9,"column":55},"end":{"line":20,"column":1}},"line":9},"1":{"name":"(anonymous_1)","decl":{"start":{"line":22,"column":30},"end":{"line":22,"column":31}},"loc":{"start":{"line":22,"column":64},"end":{"line":31,"column":1}},"line":22},"2":{"name":"(anonymous_2)","decl":{"start":{"line":23,"column":22},"end":{"line":23,"column":23}},"loc":{"start":{"line":23,"column":53},"end":{"line":30,"column":3}},"line":23},"3":{"name":"(anonymous_3)","decl":{"start":{"line":33,"column":37},"end":{"line":33,"column":38}},"loc":{"start":{"line":33,"column":51},"end":{"line":49,"column":1}},"line":33}},"branchMap":{"0":{"loc":{"start":{"line":10,"column":17},"end":{"line":10,"column":33}},"type":"default-arg","locations":[{"start":{"line":10,"column":28},"end":{"line":10,"column":33}}],"line":10},"1":{"loc":{"start":{"line":10,"column":35},"end":{"line":10,"column":52}},"type":"default-arg","locations":[{"start":{"line":10,"column":45},"end":{"line":10,"column":52}}],"line":10},"2":{"loc":{"start":{"line":34,"column":2},"end":{"line":36,"column":3}},"type":"if","locations":[{"start":{"line":34,"column":2},"end":{"line":36,"column":3}},{"start":{},"end":{}}],"line":34},"3":{"loc":{"start":{"line":34,"column":6},"end":{"line":34,"column":45}},"type":"binary-expr","locations":[{"start":{"line":34,"column":6},"end":{"line":34,"column":29}},{"start":{"line":34,"column":33},"end":{"line":34,"column":45}}],"line":34},"4":{"loc":{"start":{"line":38,"column":2},"end":{"line":40,"column":3}},"type":"if","locations":[{"start":{"line":38,"column":2},"end":{"line":40,"column":3}},{"start":{},"end":{}}],"line":38},"5":{"loc":{"start":{"line":42,"column":2},"end":{"line":44,"column":3}},"type":"if","locations":[{"start":{"line":42,"column":2},"end":{"line":44,"column":3}},{"start":{},"end":{}}],"line":42},"6":{"loc":{"start":{"line":42,"column":6},"end":{"line":42,"column":68}},"type":"binary-expr","locations":[{"start":{"line":42,"column":6},"end":{"line":42,"column":32}},{"start":{"line":42,"column":36},"end":{"line":42,"column":68}}],"line":42},"7":{"loc":{"start":{"line":46,"column":2},"end":{"line":48,"column":3}},"type":"if","locations":[{"start":{"line":46,"column":2},"end":{"line":48,"column":3}},{"start":{},"end":{}}],"line":46},"8":{"loc":{"start":{"line":46,"column":6},"end":{"line":46,"column":66}},"type":"binary-expr","locations":[{"start":{"line":46,"column":6},"end":{"line":46,"column":31}},{"start":{"line":46,"column":35},"end":{"line":46,"column":66}}],"line":46}},"s":{"0":1,"1":0,"2":0,"3":0,"4":1,"5":3,"6":5,"7":5,"8":5,"9":4,"10":1,"11":10,"12":1,"13":9,"14":2,"15":7,"16":1,"17":6,"18":1},"f":{"0":0,"1":3,"2":5,"3":10},"b":{"0":[0],"1":[0],"2":[1,9],"3":[10,10],"4":[2,7],"5":[1,6],"6":[7,6],"7":[1,5],"8":[6,2]},"_coverageSchema":"1a1c01bbd47fc00a2c39e90264f33305004495a9","hash":"d47f81f4eb7c01cfd1ed7f4b0f8d419f752a0399"}
}
