TN:
SF:src/helpers/currency.ts
FN:9,(anonymous_0)
FN:22,(anonymous_1)
FN:23,(anonymous_2)
FN:33,(anonymous_3)
FNF:4
FNH:3
FNDA:0,(anonymous_0)
FNDA:3,(anonymous_1)
FNDA:5,(anonymous_2)
FNDA:10,(anonymous_3)
DA:9,1
DA:10,0
DA:12,0
DA:19,0
DA:22,1
DA:23,3
DA:24,5
DA:25,5
DA:27,5
DA:29,4
DA:33,1
DA:34,10
DA:35,1
DA:38,9
DA:39,2
DA:42,7
DA:43,1
DA:46,6
DA:47,1
LF:19
LH:16
BRDA:10,0,0,0
BRDA:10,1,0,0
BRDA:34,2,0,1
BRDA:34,2,1,9
BRDA:34,3,0,10
BRDA:34,3,1,10
BRDA:38,4,0,2
BRDA:38,4,1,7
BRDA:42,5,0,1
BRDA:42,5,1,6
BRDA:42,6,0,7
BRDA:42,6,1,6
BRDA:46,7,0,1
BRDA:46,7,1,5
BRDA:46,8,0,6
BRDA:46,8,1,2
BRF:16
BRH:14
end_of_record
