TN:
SF:src/helpers.ts
FNF:0
FNH:0
LF:0
LH:0
BRF:0
BRH:0
end_of_record
TN:
SF:src/helpers/components.ts
FN:3,(anonymous_0)
FN:4,(anonymous_1)
FN:16,(anonymous_2)
FN:22,(anonymous_3)
FN:44,(anonymous_4)
FN:51,(anonymous_5)
FNF:6
FNH:0
FNDA:0,(anonymous_0)
FNDA:0,(anonymous_1)
FNDA:0,(anonymous_2)
FNDA:0,(anonymous_3)
FNDA:0,(anonymous_4)
FNDA:0,(anonymous_5)
DA:3,1
DA:4,0
DA:6,0
DA:8,0
DA:16,1
DA:17,0
DA:18,0
DA:20,0
DA:21,0
DA:22,0
DA:23,0
DA:24,0
DA:26,0
DA:30,0
DA:31,0
DA:33,0
DA:37,0
DA:38,0
DA:41,0
DA:44,1
DA:45,0
DA:46,0
DA:48,0
DA:50,0
DA:51,0
DA:52,0
DA:53,0
DA:55,0
DA:59,0
DA:60,0
DA:62,0
DA:66,0
DA:67,0
DA:70,0
LF:34
LH:3
BRDA:9,0,0,0
BRDA:9,0,1,0
BRDA:9,0,2,0
BRDA:9,0,3,0
BRDA:21,1,0,0
BRDA:21,1,1,0
BRDA:23,2,0,0
BRDA:23,2,1,0
BRDA:30,3,0,0
BRDA:30,3,1,0
BRDA:37,4,0,0
BRDA:37,4,1,0
BRDA:50,5,0,0
BRDA:50,5,1,0
BRDA:52,6,0,0
BRDA:52,6,1,0
BRDA:59,7,0,0
BRDA:59,7,1,0
BRDA:66,8,0,0
BRDA:66,8,1,0
BRF:20
BRH:0
end_of_record
TN:
SF:src/helpers/currency.ts
FN:9,(anonymous_0)
FN:22,(anonymous_1)
FN:23,(anonymous_2)
FN:33,(anonymous_3)
FNF:4
FNH:3
FNDA:0,(anonymous_0)
FNDA:3,(anonymous_1)
FNDA:5,(anonymous_2)
FNDA:10,(anonymous_3)
DA:9,2
DA:10,0
DA:12,0
DA:19,0
DA:22,2
DA:23,3
DA:24,5
DA:25,5
DA:27,5
DA:29,4
DA:33,2
DA:34,10
DA:35,1
DA:38,9
DA:39,2
DA:42,7
DA:43,1
DA:46,6
DA:47,1
LF:19
LH:16
BRDA:10,0,0,0
BRDA:10,1,0,0
BRDA:34,2,0,1
BRDA:34,2,1,9
BRDA:34,3,0,10
BRDA:34,3,1,10
BRDA:38,4,0,2
BRDA:38,4,1,7
BRDA:42,5,0,1
BRDA:42,5,1,6
BRDA:42,6,0,7
BRDA:42,6,1,6
BRDA:46,7,0,1
BRDA:46,7,1,5
BRDA:46,8,0,6
BRDA:46,8,1,2
BRF:16
BRH:14
end_of_record
TN:
SF:src/helpers/date-format.ts
FN:1,formatarDataYMD
FN:9,formatarHora
FNF:2
FNH:0
FNDA:0,formatarDataYMD
FNDA:0,formatarHora
DA:2,0
DA:3,0
DA:4,0
DA:6,0
DA:10,0
DA:11,0
DA:12,0
LF:7
LH:0
BRF:0
BRH:0
end_of_record
TN:
SF:src/helpers/index.ts
FNF:0
FNH:0
LF:0
LH:0
BRF:0
BRH:0
end_of_record
TN:
SF:src/helpers/objects.ts
FN:3,getPropertyValue
FNF:1
FNH:1
FNDA:8,getPropertyValue
DA:7,8
DA:8,7
DA:11,1
LF:3
LH:3
BRDA:7,0,0,7
BRDA:7,0,1,1
BRDA:7,1,0,8
BRDA:7,1,1,7
BRDA:7,1,2,7
BRF:5
BRH:5
end_of_record
TN:
SF:src/helpers/package-json.ts
FN:3,getVersionFromPackageJson
FNF:1
FNH:1
FNDA:1,getVersionFromPackageJson
DA:4,1
DA:5,1
DA:6,1
DA:8,0
DA:9,0
LF:5
LH:3
BRF:0
BRH:0
end_of_record
TN:
SF:src/helpers/strings.ts
FN:1,toString
FNF:1
FNH:0
FNDA:0,toString
DA:2,0
DA:3,0
DA:6,0
LF:3
LH:0
BRDA:2,0,0,0
BRDA:2,0,1,0
BRDA:2,1,0,0
BRDA:2,1,1,0
BRF:4
BRH:0
end_of_record
